<?xml version="1.0" encoding="UTF-8"?>
<!-- Generated by org.testng.reporters.JUnitReportReporter -->
<testsuite skipped="0" hostname="bogon" name="com.JoyUCUU.testng.NewTest" tests="2" failures="0" timestamp="25 七月 2018 03:27:54 GMT" time="0.016" errors="0">
  <testcase name="f" time="0.003" classname="com.JoyUCUU.testng.NewTest"/>
  <testcase name="f" time="0.013" classname="com.JoyUCUU.testng.NewTest"/>
</testsuite> <!-- com.JoyUCUU.testng.NewTest -->
