<?xml version="1.0" encoding="UTF-8"?>
<!-- Generated by org.testng.reporters.JUnitReportReporter -->
<testsuite skipped="0" hostname="bogon" name="com.monkeyapp.test.HelloWorld" tests="1" failures="0" timestamp="25 七月 2018 14:05:28 GMT" time="3.006" errors="0">
  <testcase name="f" time="3.006" classname="com.monkeyapp.test.HelloWorld"/>
</testsuite> <!-- com.monkeyapp.test.HelloWorld -->
